<?xml version="1.0" encoding="UTF-8"?>
<!-- Generated by org.testng.reporters.JUnitXMLReporter -->
<testsuite hostname="SYNPUNLT7ZCS0C2" name="Validate Title Test" tests="1" failures="1" timestamp="20 Aug 2019 08:27:13 GMT" time="7.445" errors="0">
  <testcase name="basePageNavigation" time="0.109" classname="mycompany.E2EFramework.ValidateTitleTest">
    <failure type="java.lang.AssertionError" message="expected:&amp;lt;FEATURED COURSES&amp;gt; but was:&amp;lt;Featured Courses&amp;gt;">
      <![CDATA[java.lang.AssertionError: expected:<FEATURED COURSES> but was:<Featured Courses>
	at mycompany.E2EFramework.ValidateTitleTest.basePageNavigation(ValidateTitleTest.java:36)
... Removed 26 stack frames]]>
    </failure>
  </testcase> <!-- basePageNavigation -->
</testsuite> <!-- Validate Title Test -->
